<?xml version="1.0" encoding="UTF-8"?>
<testsuite name="com.db.awmd.challenge.AccountsServiceTest" tests="2" skipped="0" failures="0" errors="0" timestamp="2019-10-30T08:12:48" hostname="LP-5CD742BQVT" time="0.009">
  <properties/>
  <testcase name="addAccount" classname="com.db.awmd.challenge.AccountsServiceTest" time="0.004"/>
  <testcase name="addAccount_failsOnDuplicateId" classname="com.db.awmd.challenge.AccountsServiceTest" time="0.003"/>
  <system-out><![CDATA[2019-10-30 13:42:46.791  INFO 19648 --- [    Test worker] .b.t.c.SpringBootTestContextBootstrapper : Neither @ContextConfiguration nor @ContextHierarchy found for test class [com.db.awmd.challenge.AccountsServiceTest], using SpringBootContextLoader
2019-10-30 13:42:46.791  INFO 19648 --- [    Test worker] o.s.t.c.support.AbstractContextLoader    : Could not detect default resource locations for test class [com.db.awmd.challenge.AccountsServiceTest]: no resource found for suffixes {-context.xml, Context.groovy}.
2019-10-30 13:42:46.791  INFO 19648 --- [    Test worker] t.c.s.AnnotationConfigContextLoaderUtils : Could not detect default configuration classes for test class [com.db.awmd.challenge.AccountsServiceTest]: AccountsServiceTest does not declare any static, non-private, non-final, nested classes annotated with @Configuration.
2019-10-30 13:42:46.810  INFO 19648 --- [    Test worker] .b.t.c.SpringBootTestContextBootstrapper : Found @SpringBootConfiguration com.db.awmd.challenge.DevChallengeApplication for test class com.db.awmd.challenge.AccountsServiceTest
2019-10-30 13:42:46.852  INFO 19648 --- [    Test worker] .b.t.c.SpringBootTestContextBootstrapper : Loaded default TestExecutionListener class names from location [META-INF/spring.factories]: [org.springframework.boot.test.autoconfigure.restdocs.RestDocsTestExecutionListener, org.springframework.boot.test.autoconfigure.web.client.MockRestServiceServerResetTestExecutionListener, org.springframework.boot.test.autoconfigure.web.servlet.MockMvcPrintOnlyOnFailureTestExecutionListener, org.springframework.boot.test.autoconfigure.web.servlet.WebDriverTestExecutionListener, org.springframework.boot.test.mock.mockito.MockitoTestExecutionListener, org.springframework.boot.test.mock.mockito.ResetMocksTestExecutionListener, org.springframework.test.context.web.ServletTestExecutionListener, org.springframework.test.context.support.DirtiesContextBeforeModesTestExecutionListener, org.springframework.test.context.support.DependencyInjectionTestExecutionListener, org.springframework.test.context.support.DirtiesContextTestExecutionListener, org.springframework.test.context.transaction.TransactionalTestExecutionListener, org.springframework.test.context.jdbc.SqlScriptsTestExecutionListener]
2019-10-30 13:42:46.862  INFO 19648 --- [    Test worker] .b.t.c.SpringBootTestContextBootstrapper : Could not instantiate TestExecutionListener [org.springframework.test.context.transaction.TransactionalTestExecutionListener]. Specify custom listener classes or make the default listener classes (and their required dependencies) available. Offending class: [org/springframework/transaction/interceptor/TransactionAttributeSource]
2019-10-30 13:42:46.862  INFO 19648 --- [    Test worker] .b.t.c.SpringBootTestContextBootstrapper : Could not instantiate TestExecutionListener [org.springframework.test.context.jdbc.SqlScriptsTestExecutionListener]. Specify custom listener classes or make the default listener classes (and their required dependencies) available. Offending class: [org/springframework/transaction/interceptor/TransactionAttribute]
2019-10-30 13:42:46.862  INFO 19648 --- [    Test worker] .b.t.c.SpringBootTestContextBootstrapper : Using TestExecutionListeners: [org.springframework.test.context.web.ServletTestExecutionListener@78d2ce03, org.springframework.test.context.support.DirtiesContextBeforeModesTestExecutionListener@6b05bb6e, org.springframework.boot.test.autoconfigure.SpringBootDependencyInjectionTestExecutionListener@29169d91, org.springframework.test.context.support.DirtiesContextTestExecutionListener@3f4abccc, org.springframework.boot.test.autoconfigure.restdocs.RestDocsTestExecutionListener@5106dff0, org.springframework.boot.test.mock.mockito.ResetMocksTestExecutionListener@171ec075, org.springframework.boot.test.autoconfigure.web.servlet.WebDriverTestExecutionListener@af93d12, org.springframework.boot.test.mock.mockito.MockitoTestExecutionListener@60bf5c5d, org.springframework.boot.test.autoconfigure.web.servlet.MockMvcPrintOnlyOnFailureTestExecutionListener@721f6e5, org.springframework.boot.test.autoconfigure.web.client.MockRestServiceServerResetTestExecutionListener@665d831c]

  .   ____          _            __ _ _
 /\\ / ___'_ __ _ _(_)_ __  __ _ \ \ \ \
( ( )\___ | '_ | '_| | '_ \/ _` | \ \ \ \
 \\/  ___)| |_)| | | | | || (_| |  ) ) ) )
  '  |____| .__|_| |_|_| |_\__, | / / / /
 =========|_|==============|___/=/_/_/_/
 :: Spring Boot ::        (v1.5.4.RELEASE)

2019-10-30 13:42:47.041  INFO 19648 --- [    Test worker] c.db.awmd.challenge.AccountsServiceTest  : Starting AccountsServiceTest on LP-5CD742BQVT with PID 19648 (started by chatterjee_a in C:\Users\chatterjee_a\Downloads\New folder\challenge (1)\challenge)
2019-10-30 13:42:47.043  INFO 19648 --- [    Test worker] c.db.awmd.challenge.AccountsServiceTest  : No active profile set, falling back to default profiles: default
2019-10-30 13:42:47.051  INFO 19648 --- [    Test worker] o.s.w.c.s.GenericWebApplicationContext   : Refreshing org.springframework.web.context.support.GenericWebApplicationContext@30a25ebd: startup date [Wed Oct 30 13:42:47 IST 2019]; root of context hierarchy
2019-10-30 13:42:48.329  INFO 19648 --- [    Test worker] s.w.s.m.m.a.RequestMappingHandlerAdapter : Looking for @ControllerAdvice: org.springframework.web.context.support.GenericWebApplicationContext@30a25ebd: startup date [Wed Oct 30 13:42:47 IST 2019]; root of context hierarchy
2019-10-30 13:42:48.361  INFO 19648 --- [    Test worker] s.w.s.m.m.a.RequestMappingHandlerMapping : Mapped "{[/v1/accounts/{accountId}],methods=[GET]}" onto public com.db.awmd.challenge.domain.Account com.db.awmd.challenge.web.AccountsController.getAccount(java.lang.String)
2019-10-30 13:42:48.361  INFO 19648 --- [    Test worker] s.w.s.m.m.a.RequestMappingHandlerMapping : Mapped "{[/v1/accounts],methods=[POST],consumes=[application/json]}" onto public org.springframework.http.ResponseEntity<java.lang.Object> com.db.awmd.challenge.web.AccountsController.createAccount(com.db.awmd.challenge.domain.Account)
2019-10-30 13:42:48.371  INFO 19648 --- [    Test worker] s.w.s.m.m.a.RequestMappingHandlerMapping : Mapped "{[/error]}" onto public org.springframework.http.ResponseEntity<java.util.Map<java.lang.String, java.lang.Object>> org.springframework.boot.autoconfigure.web.BasicErrorController.error(javax.servlet.http.HttpServletRequest)
2019-10-30 13:42:48.371  INFO 19648 --- [    Test worker] s.w.s.m.m.a.RequestMappingHandlerMapping : Mapped "{[/error],produces=[text/html]}" onto public org.springframework.web.servlet.ModelAndView org.springframework.boot.autoconfigure.web.BasicErrorController.errorHtml(javax.servlet.http.HttpServletRequest,javax.servlet.http.HttpServletResponse)
2019-10-30 13:42:48.432  INFO 19648 --- [    Test worker] o.s.w.s.handler.SimpleUrlHandlerMapping  : Mapped URL path [/webjars/**] onto handler of type [class org.springframework.web.servlet.resource.ResourceHttpRequestHandler]
2019-10-30 13:42:48.432  INFO 19648 --- [    Test worker] o.s.w.s.handler.SimpleUrlHandlerMapping  : Mapped URL path [/**] onto handler of type [class org.springframework.web.servlet.resource.ResourceHttpRequestHandler]
2019-10-30 13:42:48.472  INFO 19648 --- [    Test worker] o.s.w.s.handler.SimpleUrlHandlerMapping  : Mapped URL path [/**/favicon.ico] onto handler of type [class org.springframework.web.servlet.resource.ResourceHttpRequestHandler]
2019-10-30 13:42:48.773  INFO 19648 --- [    Test worker] c.db.awmd.challenge.AccountsServiceTest  : Started AccountsServiceTest in 1.881 seconds (JVM running for 12.621)
]]></system-out>
  <system-err><![CDATA[]]></system-err>
</testsuite>
